<?xml version="1.0"?>
<!DOCTYPE coverage SYSTEM "http://cobertura.sourceforge.net/xml/coverage-04.dtd">

<coverage line-rate="1.0" branch-rate="1.0" lines-covered="66" lines-valid="66" branches-covered="12" branches-valid="12" complexity="1.6666666666666667" version="1.9.4.1" timestamp="1460997553304">
	<sources>
		<source>C:/git/JCLU/src/main/java</source>
		<source>--source</source>
	</sources>
	<packages>
		<package name="net.pizey.jclu" line-rate="1.0" branch-rate="1.0" complexity="1.6666666666666667">
			<classes>
				<class name="net.pizey.jclu.Length" filename="net/pizey/jclu/Length.java" line-rate="1.0" branch-rate="1.0" complexity="2.0">
					<methods>
						<method name="&lt;init&gt;" signature="(DLjava/lang/String;)V" line-rate="1.0" branch-rate="1.0">
							<lines>
								<line number="15" hits="77" branch="false"/>
								<line number="16" hits="77" branch="false"/>
								<line number="17" hits="77" branch="false"/>
								<line number="18" hits="77" branch="false"/>
							</lines>
						</method>
						<method name="equals" signature="(Ljava/lang/Object;)Z" line-rate="1.0" branch-rate="1.0">
							<lines>
								<line number="70" hits="12" branch="true" condition-coverage="100% (2/2)">
									<conditions>
										<condition number="0" type="jump" coverage="100%"/>
									</conditions>
								</line>
								<line number="71" hits="1" branch="false"/>
								<line number="72" hits="11" branch="true" condition-coverage="100% (2/2)">
									<conditions>
										<condition number="0" type="jump" coverage="100%"/>
									</conditions>
								</line>
								<line number="73" hits="1" branch="false"/>
								<line number="74" hits="10" branch="true" condition-coverage="100% (2/2)">
									<conditions>
										<condition number="0" type="jump" coverage="100%"/>
									</conditions>
								</line>
								<line number="75" hits="1" branch="false"/>
								<line number="76" hits="9" branch="false"/>
								<line number="77" hits="9" branch="true" condition-coverage="100% (2/2)">
									<conditions>
										<condition number="0" type="jump" coverage="100%"/>
									</conditions>
								</line>
								<line number="78" hits="1" branch="false"/>
								<line number="79" hits="8" branch="true" condition-coverage="100% (2/2)">
									<conditions>
										<condition number="0" type="jump" coverage="100%"/>
									</conditions>
								</line>
								<line number="80" hits="1" branch="false"/>
								<line number="81" hits="7" branch="false"/>
							</lines>
						</method>
						<method name="getLengthUnit" signature="()Lnet/pizey/jclu/LengthUnit;" line-rate="1.0" branch-rate="1.0">
							<lines>
								<line number="29" hits="31" branch="false"/>
							</lines>
						</method>
						<method name="getLengthUnitSymbol" signature="()Ljava/lang/String;" line-rate="1.0" branch-rate="1.0">
							<lines>
								<line number="25" hits="26" branch="false"/>
							</lines>
						</method>
						<method name="getReal" signature="()Ljava/lang/Double;" line-rate="1.0" branch-rate="1.0">
							<lines>
								<line number="21" hits="57" branch="false"/>
							</lines>
						</method>
						<method name="hashCode" signature="()I" line-rate="1.0" branch-rate="1.0">
							<lines>
								<line number="60" hits="1" branch="false"/>
								<line number="61" hits="1" branch="false"/>
								<line number="62" hits="1" branch="false"/>
								<line number="63" hits="1" branch="false"/>
								<line number="64" hits="1" branch="false"/>
								<line number="65" hits="1" branch="false"/>
							</lines>
						</method>
						<method name="prettyDouble" signature="(Ljava/lang/Double;)Ljava/lang/String;" line-rate="1.0" branch-rate="1.0">
							<lines>
								<line number="39" hits="26" branch="false"/>
								<line number="40" hits="26" branch="false"/>
							</lines>
						</method>
						<method name="round" signature="(D)Ljava/lang/Double;" line-rate="1.0" branch-rate="1.0">
							<lines>
								<line number="33" hits="26" branch="false"/>
								<line number="34" hits="26" branch="false"/>
								<line number="35" hits="26" branch="false"/>
							</lines>
						</method>
						<method name="toString" signature="()Ljava/lang/String;" line-rate="1.0" branch-rate="1.0">
							<lines>
								<line number="45" hits="26" branch="false"/>
							</lines>
						</method>
						<method name="toUnit" signature="(Ljava/lang/String;)Lnet/pizey/jclu/Length;" line-rate="1.0" branch-rate="1.0">
							<lines>
								<line number="51" hits="31" branch="false"/>
								<line number="52" hits="31" branch="false"/>
							</lines>
						</method>
					</methods>
					<lines>
						<line number="15" hits="77" branch="false"/>
						<line number="16" hits="77" branch="false"/>
						<line number="17" hits="77" branch="false"/>
						<line number="18" hits="77" branch="false"/>
						<line number="21" hits="57" branch="false"/>
						<line number="25" hits="26" branch="false"/>
						<line number="29" hits="31" branch="false"/>
						<line number="33" hits="26" branch="false"/>
						<line number="34" hits="26" branch="false"/>
						<line number="35" hits="26" branch="false"/>
						<line number="39" hits="26" branch="false"/>
						<line number="40" hits="26" branch="false"/>
						<line number="45" hits="26" branch="false"/>
						<line number="51" hits="31" branch="false"/>
						<line number="52" hits="31" branch="false"/>
						<line number="60" hits="1" branch="false"/>
						<line number="61" hits="1" branch="false"/>
						<line number="62" hits="1" branch="false"/>
						<line number="63" hits="1" branch="false"/>
						<line number="64" hits="1" branch="false"/>
						<line number="65" hits="1" branch="false"/>
						<line number="70" hits="12" branch="true" condition-coverage="100% (2/2)">
							<conditions>
								<condition number="0" type="jump" coverage="100%"/>
							</conditions>
						</line>
						<line number="71" hits="1" branch="false"/>
						<line number="72" hits="11" branch="true" condition-coverage="100% (2/2)">
							<conditions>
								<condition number="0" type="jump" coverage="100%"/>
							</conditions>
						</line>
						<line number="73" hits="1" branch="false"/>
						<line number="74" hits="10" branch="true" condition-coverage="100% (2/2)">
							<conditions>
								<condition number="0" type="jump" coverage="100%"/>
							</conditions>
						</line>
						<line number="75" hits="1" branch="false"/>
						<line number="76" hits="9" branch="false"/>
						<line number="77" hits="9" branch="true" condition-coverage="100% (2/2)">
							<conditions>
								<condition number="0" type="jump" coverage="100%"/>
							</conditions>
						</line>
						<line number="78" hits="1" branch="false"/>
						<line number="79" hits="8" branch="true" condition-coverage="100% (2/2)">
							<conditions>
								<condition number="0" type="jump" coverage="100%"/>
							</conditions>
						</line>
						<line number="80" hits="1" branch="false"/>
						<line number="81" hits="7" branch="false"/>
					</lines>
				</class>
				<class name="net.pizey.jclu.LengthUnit" filename="net/pizey/jclu/LengthUnit.java" line-rate="1.0" branch-rate="1.0" complexity="1.0">
					<methods>
						<method name="&lt;clinit&gt;" signature="()V" line-rate="1.0" branch-rate="1.0">
							<lines>
								<line number="12" hits="1" branch="false"/>
								<line number="14" hits="1" branch="false"/>
								<line number="15" hits="1" branch="false"/>
								<line number="16" hits="1" branch="false"/>
								<line number="17" hits="1" branch="false"/>
								<line number="18" hits="1" branch="false"/>
								<line number="20" hits="1" branch="false"/>
								<line number="22" hits="1" branch="false"/>
								<line number="23" hits="1" branch="false"/>
								<line number="24" hits="1" branch="false"/>
								<line number="25" hits="1" branch="false"/>
								<line number="26" hits="1" branch="false"/>
								<line number="27" hits="1" branch="false"/>
							</lines>
						</method>
						<method name="&lt;init&gt;" signature="(Ljava/lang/String;ILjava/lang/String;D)V" line-rate="1.0" branch-rate="1.0">
							<lines>
								<line number="32" hits="5" branch="false"/>
								<line number="33" hits="5" branch="false"/>
								<line number="34" hits="5" branch="false"/>
								<line number="35" hits="5" branch="false"/>
							</lines>
						</method>
						<method name="fromSymbol" signature="(Ljava/lang/String;)Lnet/pizey/jclu/LengthUnit;" line-rate="1.0" branch-rate="1.0">
							<lines>
								<line number="38" hits="108" branch="false"/>
							</lines>
						</method>
						<method name="getMetres" signature="()Ljava/lang/Double;" line-rate="1.0" branch-rate="1.0">
							<lines>
								<line number="50" hits="63" branch="false"/>
							</lines>
						</method>
						<method name="getSymbol" signature="()Ljava/lang/String;" line-rate="1.0" branch-rate="1.0">
							<lines>
								<line number="42" hits="31" branch="false"/>
							</lines>
						</method>
						<method name="setMetres" signature="(Ljava/lang/Double;)V" line-rate="1.0" branch-rate="1.0">
							<lines>
								<line number="54" hits="5" branch="false"/>
								<line number="55" hits="5" branch="false"/>
							</lines>
						</method>
						<method name="setSymbol" signature="(Ljava/lang/String;)V" line-rate="1.0" branch-rate="1.0">
							<lines>
								<line number="46" hits="5" branch="false"/>
								<line number="47" hits="5" branch="false"/>
							</lines>
						</method>
						<method name="valueOf" signature="(Ljava/lang/String;)Lnet/pizey/jclu/LengthUnit;" line-rate="1.0" branch-rate="1.0">
							<lines>
							</lines>
						</method>
						<method name="values" signature="()[Lnet/pizey/jclu/LengthUnit;" line-rate="1.0" branch-rate="1.0">
							<lines>
							</lines>
						</method>
					</methods>
					<lines>
						<line number="12" hits="1" branch="false"/>
						<line number="14" hits="1" branch="false"/>
						<line number="15" hits="1" branch="false"/>
						<line number="16" hits="1" branch="false"/>
						<line number="17" hits="1" branch="false"/>
						<line number="18" hits="1" branch="false"/>
						<line number="20" hits="1" branch="false"/>
						<line number="22" hits="1" branch="false"/>
						<line number="23" hits="1" branch="false"/>
						<line number="24" hits="1" branch="false"/>
						<line number="25" hits="1" branch="false"/>
						<line number="26" hits="1" branch="false"/>
						<line number="27" hits="1" branch="false"/>
						<line number="32" hits="5" branch="false"/>
						<line number="33" hits="5" branch="false"/>
						<line number="34" hits="5" branch="false"/>
						<line number="35" hits="5" branch="false"/>
						<line number="38" hits="108" branch="false"/>
						<line number="42" hits="31" branch="false"/>
						<line number="46" hits="5" branch="false"/>
						<line number="47" hits="5" branch="false"/>
						<line number="50" hits="63" branch="false"/>
						<line number="54" hits="5" branch="false"/>
						<line number="55" hits="5" branch="false"/>
					</lines>
				</class>
				<class name="net.pizey.jclu.LengthUnitConverter" filename="net/pizey/jclu/LengthUnitConverter.java" line-rate="1.0" branch-rate="1.0" complexity="2.0">
					<methods>
						<method name="&lt;clinit&gt;" signature="()V" line-rate="1.0" branch-rate="1.0">
							<lines>
								<line number="9" hits="1" branch="false"/>
							</lines>
						</method>
						<method name="&lt;init&gt;" signature="()V" line-rate="1.0" branch-rate="1.0">
							<lines>
								<line number="7" hits="2" branch="false"/>
							</lines>
						</method>
						<method name="main" signature="([Ljava/lang/String;)V" line-rate="1.0" branch-rate="1.0">
							<lines>
								<line number="12" hits="2" branch="false"/>
								<line number="13" hits="1" branch="false"/>
							</lines>
						</method>
						<method name="run" signature="([Ljava/lang/String;)Ljava/lang/String;" line-rate="1.0" branch-rate="1.0">
							<lines>
								<line number="17" hits="3" branch="true" condition-coverage="100% (2/2)">
									<conditions>
										<condition number="0" type="jump" coverage="100%"/>
									</conditions>
								</line>
								<line number="18" hits="1" branch="false"/>
								<line number="19" hits="2" branch="false"/>
								<line number="20" hits="2" branch="false"/>
								<line number="21" hits="2" branch="false"/>
							</lines>
						</method>
					</methods>
					<lines>
						<line number="7" hits="2" branch="false"/>
						<line number="9" hits="1" branch="false"/>
						<line number="12" hits="2" branch="false"/>
						<line number="13" hits="1" branch="false"/>
						<line number="17" hits="3" branch="true" condition-coverage="100% (2/2)">
							<conditions>
								<condition number="0" type="jump" coverage="100%"/>
							</conditions>
						</line>
						<line number="18" hits="1" branch="false"/>
						<line number="19" hits="2" branch="false"/>
						<line number="20" hits="2" branch="false"/>
						<line number="21" hits="2" branch="false"/>
					</lines>
				</class>
			</classes>
		</package>
	</packages>
</coverage>
